This is pdfTeX, Version 3.14159265-2.6-1.40.18 (TeX Live 2017/Arch Linux) (preloaded format=pdflatex 2017.7.18)  20 JUL 2017 01:06
entering extended mode
 \write18 enabled.
 %&-line parsing enabled.
**/home/ju/GitHub/Cozy/meson.build
(/home/ju/GitHub/Cozy/meson.build
LaTeX2e <2017-04-15>
Babel <3.10> and hyphenation patterns for 84 language(s) loaded.

! LaTeX Error: Missing \begin{document}.

See the LaTeX manual or LaTeX Companion for explanation.
Type  H <return>  for immediate help.
 ...                                              
                                                  
l.1 p
     roject('cozy',
You're in trouble here.  Try typing  <return>  to proceed.
If that doesn't work, type  X <return>  to quit.

Missing character: There is no p in font nullfont!
Missing character: There is no r in font nullfont!
Missing character: There is no o in font nullfont!
Missing character: There is no j in font nullfont!
Missing character: There is no e in font nullfont!
Missing character: There is no c in font nullfont!
Missing character: There is no t in font nullfont!
Missing character: There is no ( in font nullfont!
Missing character: There is no ' in font nullfont!
Missing character: There is no c in font nullfont!
Missing character: There is no o in font nullfont!
Missing character: There is no z in font nullfont!
Missing character: There is no y in font nullfont!
Missing character: There is no ' in font nullfont!
Missing character: There is no , in font nullfont!
Missing character: There is no v in font nullfont!
Missing character: There is no e in font nullfont!
Missing character: There is no r in font nullfont!
Missing character: There is no s in font nullfont!
Missing character: There is no i in font nullfont!
Missing character: There is no o in font nullfont!
Missing character: There is no n in font nullfont!
Missing character: There is no : in font nullfont!
Missing character: There is no ' in font nullfont!
Missing character: There is no 0 in font nullfont!
Missing character: There is no . in font nullfont!
Missing character: There is no 0 in font nullfont!
Missing character: There is no . in font nullfont!
Missing character: There is no 1 in font nullfont!
Missing character: There is no ' in font nullfont!
Missing character: There is no , in font nullfont!
Missing character: There is no m in font nullfont!
Missing character: There is no e in font nullfont!
Missing character: There is no s in font nullfont!
Missing character: There is no o in font nullfont!
Missing character: There is no n in font nullfont!
! Missing $ inserted.
<inserted text> 
                $
l.3   meson_
            version: '>= 0.40.0')
I've inserted a begin-math/end-math symbol since I think
you left one out. Proceed, with fingers crossed.

LaTeX Font Info:    External font `cmex10' loaded for size
(Font)              <7> on input line 3.
LaTeX Font Info:    External font `cmex10' loaded for size
(Font)              <5> on input line 3.
! Missing $ inserted.
<inserted text> 
                $
l.4 
    
I've inserted a begin-math/end-math symbol since I think
you left one out. Proceed, with fingers crossed.


Overfull \hbox (20.0pt too wide) in paragraph at lines 1--4
[]
 []


Overfull \hbox (57.09569pt too wide) in paragraph at lines 1--4
[]\OML/cmm/m/it/10 ersion \OT1/cmr/m/n/10 :[]\OML/cmm/m/it/10 >\OT1/cmr/m/n/10 
=
 []


Overfull \hbox (32.25009pt too wide) in paragraph at lines 1--4
\OT1/cmr/m/n/10 0\OML/cmm/m/it/10 :\OT1/cmr/m/n/10 40\OML/cmm/m/it/10 :\OT1/cmr
/m/n/10 0[])$ 
 []


! LaTeX Error: Missing \begin{document}.

See the LaTeX manual or LaTeX Companion for explanation.
Type  H <return>  for immediate help.
 ...                                              
                                                  
l.5 p
     roject_name = 'cozy'
You're in trouble here.  Try typing  <return>  to proceed.
If that doesn't work, type  X <return>  to quit.

Missing character: There is no p in font nullfont!
Missing character: There is no r in font nullfont!
Missing character: There is no o in font nullfont!
Missing character: There is no j in font nullfont!
Missing character: There is no e in font nullfont!
Missing character: There is no c in font nullfont!
Missing character: There is no t in font nullfont!
! Missing $ inserted.
<inserted text> 
                $
l.5 project_
            name = 'cozy'
I've inserted a begin-math/end-math symbol since I think
you left one out. Proceed, with fingers crossed.

! Missing $ inserted.
<inserted text> 
                $
l.6 
    
I've inserted a begin-math/end-math symbol since I think
you left one out. Proceed, with fingers crossed.


Overfull \hbox (57.52669pt too wide) in paragraph at lines 5--6
[]$[]\OML/cmm/m/it/10 ame \OT1/cmr/m/n/10 =[]
 []


Overfull \hbox (22.33224pt too wide) in paragraph at lines 5--6
\OML/cmm/m/it/10 cozy[]$ 
 []


! LaTeX Error: Missing \begin{document}.

See the LaTeX manual or LaTeX Companion for explanation.
Type  H <return>  for immediate help.
 ...                                              
                                                  
l.7 p
     ython = import('python3')
You're in trouble here.  Try typing  <return>  to proceed.
If that doesn't work, type  X <return>  to quit.

Missing character: There is no p in font nullfont!
Missing character: There is no y in font nullfont!
Missing character: There is no t in font nullfont!
Missing character: There is no h in font nullfont!
Missing character: There is no o in font nullfont!
Missing character: There is no n in font nullfont!
Missing character: There is no = in font nullfont!
Missing character: There is no i in font nullfont!
Missing character: There is no m in font nullfont!
Missing character: There is no p in font nullfont!
Missing character: There is no o in font nullfont!
Missing character: There is no r in font nullfont!
Missing character: There is no t in font nullfont!
Missing character: There is no ( in font nullfont!
Missing character: There is no ' in font nullfont!
Missing character: There is no p in font nullfont!
Missing character: There is no y in font nullfont!
Missing character: There is no t in font nullfont!
Missing character: There is no h in font nullfont!
Missing character: There is no o in font nullfont!
Missing character: There is no n in font nullfont!
Missing character: There is no 3 in font nullfont!
Missing character: There is no ' in font nullfont!
Missing character: There is no ) in font nullfont!
Missing character: There is no p in font nullfont!
Missing character: There is no r in font nullfont!
Missing character: There is no o in font nullfont!
Missing character: There is no j in font nullfont!
Missing character: There is no e in font nullfont!
Missing character: There is no c in font nullfont!
Missing character: There is no t in font nullfont!
! Missing $ inserted.
<inserted text> 
                $
l.8 project_
            id = 'com.github.geigi.cozy'
I've inserted a begin-math/end-math symbol since I think
you left one out. Proceed, with fingers crossed.

! Missing $ inserted.
<inserted text> 
                $
l.11 
     
I've inserted a begin-math/end-math symbol since I think
you left one out. Proceed, with fingers crossed.


Overfull \hbox (20.0pt too wide) in paragraph at lines 7--11
[]
 []


Overfull \hbox (21.89522pt too wide) in paragraph at lines 7--11
[]\OML/cmm/m/it/10 d \OT1/cmr/m/n/10 =[]
 []


Overfull \hbox (93.09035pt too wide) in paragraph at lines 7--11
\OML/cmm/m/it/10 de:geigi:Cozy[]i\OT1/cmr/m/n/10 18\OML/cmm/m/it/10 n \OT1/cmr/
m/n/10 =
 []


Overfull \hbox (103.31061pt too wide) in paragraph at lines 7--11
\OML/cmm/m/it/10 import\OT1/cmr/m/n/10 ([]\OML/cmm/m/it/10 i\OT1/cmr/m/n/10 18\
OML/cmm/m/it/10 n[]\OT1/cmr/m/n/10 )\OML/cmm/m/it/10 gnome \OT1/cmr/m/n/10 =
 []


Overfull \hbox (73.30759pt too wide) in paragraph at lines 7--11
\OML/cmm/m/it/10 import\OT1/cmr/m/n/10 ([]\OML/cmm/m/it/10 gnome[]\OT1/cmr/m/n/
10 )$ 
 []


! LaTeX Error: Missing \begin{document}.

See the LaTeX manual or LaTeX Companion for explanation.
Type  H <return>  for immediate help.
 ...                                              
                                                  
l.12 m
      essage('Looking for dependencies')
You're in trouble here.  Try typing  <return>  to proceed.
If that doesn't work, type  X <return>  to quit.

Missing character: There is no m in font nullfont!
Missing character: There is no e in font nullfont!
Missing character: There is no s in font nullfont!
Missing character: There is no s in font nullfont!
Missing character: There is no a in font nullfont!
Missing character: There is no g in font nullfont!
Missing character: There is no e in font nullfont!
Missing character: There is no ( in font nullfont!
Missing character: There is no ' in font nullfont!
Missing character: There is no L in font nullfont!
Missing character: There is no o in font nullfont!
Missing character: There is no o in font nullfont!
Missing character: There is no k in font nullfont!
Missing character: There is no i in font nullfont!
Missing character: There is no n in font nullfont!
Missing character: There is no g in font nullfont!
Missing character: There is no f in font nullfont!
Missing character: There is no o in font nullfont!
Missing character: There is no r in font nullfont!
Missing character: There is no d in font nullfont!
Missing character: There is no e in font nullfont!
Missing character: There is no p in font nullfont!
Missing character: There is no e in font nullfont!
Missing character: There is no n in font nullfont!
Missing character: There is no d in font nullfont!
Missing character: There is no e in font nullfont!
Missing character: There is no n in font nullfont!
Missing character: There is no c in font nullfont!
Missing character: There is no i in font nullfont!
Missing character: There is no e in font nullfont!
Missing character: There is no s in font nullfont!
Missing character: There is no ' in font nullfont!
Missing character: There is no ) in font nullfont!
Missing character: There is no p in font nullfont!
Missing character: There is no y in font nullfont!
Missing character: There is no t in font nullfont!
Missing character: There is no h in font nullfont!
Missing character: There is no o in font nullfont!
Missing character: There is no n in font nullfont!
! Missing $ inserted.
<inserted text> 
                $
l.13 python_
            bin = python.find_python()
I've inserted a begin-math/end-math symbol since I think
you left one out. Proceed, with fingers crossed.

! Missing $ inserted.
<inserted text> 
                $
l.19 
     
I've inserted a begin-math/end-math symbol since I think
you left one out. Proceed, with fingers crossed.


Overfull \hbox (20.0pt too wide) in paragraph at lines 12--19
[]
 []


Overfull \hbox (24.01965pt too wide) in paragraph at lines 12--19
[]\OML/cmm/m/it/10 in \OT1/cmr/m/n/10 =
 []


Overfull \hbox (551.78534pt too wide) in paragraph at lines 12--19
\OML/cmm/m/it/10 python:find[]ython\OT1/cmr/m/n/10 ()\OML/cmm/m/it/10 ifnotpyth
on[]in:found\OT1/cmr/m/n/10 ()\OML/cmm/m/it/10 error\OT1/cmr/m/n/10 ([]\OML/cmm
/m/it/10 Novalidpython\OT1/cmr/m/n/10 3\OML/cmm/m/it/10 binaryfound[]\OT1/cmr/m
/n/10 )\OML/cmm/m/it/10 elsemessage\OT1/cmr/m/n/10 ([]\OML/cmm/m/it/10 Foundpyt
hon\OT1/cmr/m/n/10 3\OML/cmm/m/it/10 binary[]\OT1/cmr/m/n/10 )\OML/cmm/m/it/10 
endif$ 
 []


! LaTeX Error: Missing \begin{document}.

See the LaTeX manual or LaTeX Companion for explanation.
Type  H <return>  for immediate help.
 ...                                              
                                                  
l.20 d
      ependency('gtk+-3.0', version :'>=3.14')
You're in trouble here.  Try typing  <return>  to proceed.
If that doesn't work, type  X <return>  to quit.

Missing character: There is no d in font nullfont!
Missing character: There is no e in font nullfont!
Missing character: There is no p in font nullfont!
Missing character: There is no e in font nullfont!
Missing character: There is no n in font nullfont!
Missing character: There is no d in font nullfont!
Missing character: There is no e in font nullfont!
Missing character: There is no n in font nullfont!
Missing character: There is no c in font nullfont!
Missing character: There is no y in font nullfont!
Missing character: There is no ( in font nullfont!
Missing character: There is no ' in font nullfont!
Missing character: There is no g in font nullfont!
Missing character: There is no t in font nullfont!
Missing character: There is no k in font nullfont!
Missing character: There is no + in font nullfont!
Missing character: There is no - in font nullfont!
Missing character: There is no 3 in font nullfont!
Missing character: There is no . in font nullfont!
Missing character: There is no 0 in font nullfont!
Missing character: There is no ' in font nullfont!
Missing character: There is no , in font nullfont!
Missing character: There is no v in font nullfont!
Missing character: There is no e in font nullfont!
Missing character: There is no r in font nullfont!
Missing character: There is no s in font nullfont!
Missing character: There is no i in font nullfont!
Missing character: There is no o in font nullfont!
Missing character: There is no n in font nullfont!
Missing character: There is no : in font nullfont!
Missing character: There is no ' in font nullfont!
Missing character: There is no > in font nullfont!
Missing character: There is no = in font nullfont!
Missing character: There is no 3 in font nullfont!
Missing character: There is no . in font nullfont!
Missing character: There is no 1 in font nullfont!
Missing character: There is no 4 in font nullfont!
Missing character: There is no ' in font nullfont!
Missing character: There is no ) in font nullfont!
Missing character: There is no d in font nullfont!
Missing character: There is no e in font nullfont!
Missing character: There is no p in font nullfont!
Missing character: There is no e in font nullfont!
Missing character: There is no n in font nullfont!
Missing character: There is no d in font nullfont!
Missing character: There is no e in font nullfont!
Missing character: There is no n in font nullfont!
Missing character: There is no c in font nullfont!
Missing character: There is no y in font nullfont!
Missing character: There is no ( in font nullfont!
Missing character: There is no ' in font nullfont!
Missing character: There is no g in font nullfont!
Missing character: There is no l in font nullfont!
Missing character: There is no i in font nullfont!
Missing character: There is no b in font nullfont!
Missing character: There is no - in font nullfont!
Missing character: There is no 2 in font nullfont!
Missing character: There is no . in font nullfont!
Missing character: There is no 0 in font nullfont!
Missing character: There is no ' in font nullfont!
Missing character: There is no ) in font nullfont!

Overfull \hbox (20.0pt too wide) in paragraph at lines 20--22
[]
 []


! LaTeX Error: Missing \begin{document}.

See the LaTeX manual or LaTeX Companion for explanation.
Type  H <return>  for immediate help.
 ...                                              
                                                  
l.23 p
      ython_dir = join_paths(get_option('prefix'), python.sysconfig_path('pu...

You're in trouble here.  Try typing  <return>  to proceed.
If that doesn't work, type  X <return>  to quit.

Missing character: There is no p in font nullfont!
Missing character: There is no y in font nullfont!
Missing character: There is no t in font nullfont!
Missing character: There is no h in font nullfont!
Missing character: There is no o in font nullfont!
Missing character: There is no n in font nullfont!
! Missing $ inserted.
<inserted text> 
                $
l.23 python_
            dir = join_paths(get_option('prefix'), python.sysconfig_path('pu...
I've inserted a begin-math/end-math symbol since I think
you left one out. Proceed, with fingers crossed.

! Missing $ inserted.
<inserted text> 
                $
l.26 
     
I've inserted a begin-math/end-math symbol since I think
you left one out. Proceed, with fingers crossed.


Overfull \hbox (43.45288pt too wide) in paragraph at lines 23--26
[]$[]\OML/cmm/m/it/10 ir \OT1/cmr/m/n/10 =
 []


Overfull \hbox (362.90298pt too wide) in paragraph at lines 23--26
\OML/cmm/m/it/10 join[]aths\OT1/cmr/m/n/10 (\OML/cmm/m/it/10 get[]ption\OT1/cmr
/m/n/10 ([]\OML/cmm/m/it/10 prefix[]\OT1/cmr/m/n/10 )\OML/cmm/m/it/10 ; python:
sysconfig[]ath\OT1/cmr/m/n/10 ([]\OML/cmm/m/it/10 purelib[]\OT1/cmr/m/n/10 ))\O
ML/cmm/m/it/10 LIBEXEC[]IR \OT1/cmr/m/n/10 =
 []


Overfull \hbox (236.28787pt too wide) in paragraph at lines 23--26
\OML/cmm/m/it/10 join[]aths\OT1/cmr/m/n/10 (\OML/cmm/m/it/10 get[]ption\OT1/cmr
/m/n/10 ([]\OML/cmm/m/it/10 prefix[]\OT1/cmr/m/n/10 )\OML/cmm/m/it/10 ;[] libex
ec[]\OT1/cmr/m/n/10 )\OML/cmm/m/it/10 DATA[]IR \OT1/cmr/m/n/10 =
 []


Overfull \hbox (326.04298pt too wide) in paragraph at lines 23--26
\OML/cmm/m/it/10 join[]aths\OT1/cmr/m/n/10 (\OML/cmm/m/it/10 get[]ption\OT1/cmr
/m/n/10 ([]\OML/cmm/m/it/10 prefix[]\OT1/cmr/m/n/10 )\OML/cmm/m/it/10 ; get[]pt
ion\OT1/cmr/m/n/10 ([]\OML/cmm/m/it/10 datadir[]\OT1/cmr/m/n/10 )\OML/cmm/m/it/
10 ; meson:project[]ame\OT1/cmr/m/n/10 ())$ 
 []


! LaTeX Error: Missing \begin{document}.

See the LaTeX manual or LaTeX Companion for explanation.
Type  H <return>  for immediate help.
 ...                                              
                                                  
l.27 c
      onf = configuration_data()
You're in trouble here.  Try typing  <return>  to proceed.
If that doesn't work, type  X <return>  to quit.

Missing character: There is no c in font nullfont!
Missing character: There is no o in font nullfont!
Missing character: There is no n in font nullfont!
Missing character: There is no f in font nullfont!
Missing character: There is no = in font nullfont!
Missing character: There is no c in font nullfont!
Missing character: There is no o in font nullfont!
Missing character: There is no n in font nullfont!
Missing character: There is no f in font nullfont!
Missing character: There is no i in font nullfont!
Missing character: There is no g in font nullfont!
Missing character: There is no u in font nullfont!
Missing character: There is no r in font nullfont!
Missing character: There is no a in font nullfont!
Missing character: There is no t in font nullfont!
Missing character: There is no i in font nullfont!
Missing character: There is no o in font nullfont!
Missing character: There is no n in font nullfont!
! Missing $ inserted.
<inserted text> 
                $
l.27 conf = configuration_
                          data()
I've inserted a begin-math/end-math symbol since I think
you left one out. Proceed, with fingers crossed.

! Missing $ inserted.
<inserted text> 
                $
l.35 
     
I've inserted a begin-math/end-math symbol since I think
you left one out. Proceed, with fingers crossed.


Overfull \hbox (20.0pt too wide) in paragraph at lines 27--35
[]
 []


Overfull \hbox (184.25635pt too wide) in paragraph at lines 27--35
[]\OML/cmm/m/it/10 ata\OT1/cmr/m/n/10 ()\OML/cmm/m/it/10 conf:set\OT1/cmr/m/n/1
0 ([]\OML/cmm/m/it/10 PACKAGE[]RL[];[] https \OT1/cmr/m/n/10 :
 []


Overfull \hbox (1626.7646pt too wide) in paragraph at lines 27--35
\OML/cmm/m/it/10 ==github:com=geigi=cozy[]\OT1/cmr/m/n/10 )\OML/cmm/m/it/10 con
f:set\OT1/cmr/m/n/10 ([]\OML/cmm/m/it/10 DATA[]IR[]; DATA[]IR\OT1/cmr/m/n/10 )\
OML/cmm/m/it/10 conf:set\OT1/cmr/m/n/10 ([]\OML/cmm/m/it/10 LOCALE[]IR[]; join[
]aths\OT1/cmr/m/n/10 (\OML/cmm/m/it/10 get[]ption\OT1/cmr/m/n/10 ([]\OML/cmm/m/
it/10 prefix[]\OT1/cmr/m/n/10 )\OML/cmm/m/it/10 ; get[]ption\OT1/cmr/m/n/10 ([]
\OML/cmm/m/it/10 datadir[]\OT1/cmr/m/n/10 )\OML/cmm/m/it/10 ;[] locale[]\OT1/cm
r/m/n/10 ))\OML/cmm/m/it/10 conf:set\OT1/cmr/m/n/10 ([]\OML/cmm/m/it/10 PYTHON[
]IR[]; python[]ir\OT1/cmr/m/n/10 )\OML/cmm/m/it/10 conf:set\OT1/cmr/m/n/10 ([]\
OML/cmm/m/it/10 PYTHON[]XEC[]IR[]; join[]aths\OT1/cmr/m/n/10 (\OML/cmm/m/it/10 
get[]ption\OT1/cmr/m/n/10 ([]\OML/cmm/m/it/10 prefix[]\OT1/cmr/m/n/10 )\OML/cmm
/m/it/10 ; python:sysconfig[]ath\OT1/cmr/m/n/10 ([]\OML/cmm/m/it/10 stdlib[]\OT
1/cmr/m/n/10 )))\OML/cmm/m/it/10 conf:set\OT1/cmr/m/n/10 ([]\OML/cmm/m/it/10 li
bexecdir[]; LIBEXEC[]IR\OT1/cmr/m/n/10 )\OML/cmm/m/it/10 conf:set\OT1/cmr/m/n/1
0 ([]\OML/cmm/m/it/10 VERSION[]; meson:project[]ersion\OT1/cmr/m/n/10 ())$ 
 []


! LaTeX Error: Missing \begin{document}.

See the LaTeX manual or LaTeX Companion for explanation.
Type  H <return>  for immediate help.
 ...                                              
                                                  
l.36 s
      ubdir('data')
You're in trouble here.  Try typing  <return>  to proceed.
If that doesn't work, type  X <return>  to quit.

Missing character: There is no s in font nullfont!
Missing character: There is no u in font nullfont!
Missing character: There is no b in font nullfont!
Missing character: There is no d in font nullfont!
Missing character: There is no i in font nullfont!
Missing character: There is no r in font nullfont!
Missing character: There is no ( in font nullfont!
Missing character: There is no ' in font nullfont!
Missing character: There is no d in font nullfont!
Missing character: There is no a in font nullfont!
Missing character: There is no t in font nullfont!
Missing character: There is no a in font nullfont!
Missing character: There is no ' in font nullfont!
Missing character: There is no ) in font nullfont!
Missing character: There is no s in font nullfont!
Missing character: There is no u in font nullfont!
Missing character: There is no b in font nullfont!
Missing character: There is no d in font nullfont!
Missing character: There is no i in font nullfont!
Missing character: There is no r in font nullfont!
Missing character: There is no ( in font nullfont!
Missing character: There is no ' in font nullfont!
Missing character: There is no p in font nullfont!
Missing character: There is no o in font nullfont!
Missing character: There is no ' in font nullfont!
Missing character: There is no ) in font nullfont!

Overfull \hbox (20.0pt too wide) in paragraph at lines 36--38
[]
 []


! LaTeX Error: Missing \begin{document}.

See the LaTeX manual or LaTeX Companion for explanation.
Type  H <return>  for immediate help.
 ...                                              
                                                  
l.39 m
      essage('Preparing init file')
You're in trouble here.  Try typing  <return>  to proceed.
If that doesn't work, type  X <return>  to quit.

Missing character: There is no m in font nullfont!
Missing character: There is no e in font nullfont!
Missing character: There is no s in font nullfont!
Missing character: There is no s in font nullfont!
Missing character: There is no a in font nullfont!
Missing character: There is no g in font nullfont!
Missing character: There is no e in font nullfont!
Missing character: There is no ( in font nullfont!
Missing character: There is no ' in font nullfont!
Missing character: There is no P in font nullfont!
Missing character: There is no r in font nullfont!
Missing character: There is no e in font nullfont!
Missing character: There is no p in font nullfont!
Missing character: There is no a in font nullfont!
Missing character: There is no r in font nullfont!
Missing character: There is no i in font nullfont!
Missing character: There is no n in font nullfont!
Missing character: There is no g in font nullfont!
Missing character: There is no i in font nullfont!
Missing character: There is no n in font nullfont!
Missing character: There is no i in font nullfont!
Missing character: There is no t in font nullfont!
Missing character: There is no f in font nullfont!
Missing character: There is no i in font nullfont!
Missing character: There is no l in font nullfont!
Missing character: There is no e in font nullfont!
Missing character: There is no ' in font nullfont!
Missing character: There is no ) in font nullfont!
Missing character: There is no c in font nullfont!
Missing character: There is no o in font nullfont!
Missing character: There is no n in font nullfont!
Missing character: There is no f in font nullfont!
Missing character: There is no i in font nullfont!
Missing character: There is no g in font nullfont!
Missing character: There is no u in font nullfont!
Missing character: There is no r in font nullfont!
Missing character: There is no e in font nullfont!
! Missing $ inserted.
<inserted text> 
                $
l.40 configure_
               file(
I've inserted a begin-math/end-math symbol since I think
you left one out. Proceed, with fingers crossed.

! Missing $ inserted.
<inserted text> 
                $
l.46 
     
I've inserted a begin-math/end-math symbol since I think
you left one out. Proceed, with fingers crossed.


Overfull \hbox (20.0pt too wide) in paragraph at lines 39--46
[]
 []


Overfull \hbox (52.53043pt too wide) in paragraph at lines 39--46
[]\OML/cmm/m/it/10 ile\OT1/cmr/m/n/10 (\OML/cmm/m/it/10 input \OT1/cmr/m/n/10 :
[]
 []


Overfull \hbox (80.74503pt too wide) in paragraph at lines 39--46
\OML/cmm/m/it/10 main:py[]; output \OT1/cmr/m/n/10 :[]
 []


Overfull \hbox (95.7608pt too wide) in paragraph at lines 39--46
\OML/cmm/m/it/10 cozy[]; configuration \OT1/cmr/m/n/10 :
 []


Overfull \hbox (75.49303pt too wide) in paragraph at lines 39--46
\OML/cmm/m/it/10 conf; install[]ir \OT1/cmr/m/n/10 :[]
 []


Overfull \hbox (20.4336pt too wide) in paragraph at lines 39--46
\OML/cmm/m/it/10 bin[]\OT1/cmr/m/n/10 )$ 
 []


! LaTeX Error: Missing \begin{document}.

See the LaTeX manual or LaTeX Companion for explanation.
Type  H <return>  for immediate help.
 ...                                              
                                                  
l.47 i
      nstall_subdir(
You're in trouble here.  Try typing  <return>  to proceed.
If that doesn't work, type  X <return>  to quit.

Missing character: There is no i in font nullfont!
Missing character: There is no n in font nullfont!
Missing character: There is no s in font nullfont!
Missing character: There is no t in font nullfont!
Missing character: There is no a in font nullfont!
Missing character: There is no l in font nullfont!
Missing character: There is no l in font nullfont!
! Missing $ inserted.
<inserted text> 
                $
l.47 install_
             subdir(
I've inserted a begin-math/end-math symbol since I think
you left one out. Proceed, with fingers crossed.

)
! Emergency stop.
<*> /home/ju/GitHub/Cozy/meson.build
                                    
*** (job aborted, no legal \end found)

 
Here is how much of TeX's memory you used:
 10 strings out of 492995
 255 string characters out of 6138756
 57074 words of memory out of 5000000
 3660 multiletter control sequences out of 15000+600000
 3640 words of font info for 14 fonts, out of 8000000 for 9000
 1141 hyphenation exceptions out of 8191
 18i,2n,12p,129b,56s stack positions out of 5000i,500n,10000p,200000b,80000s
!  ==> Fatal error occurred, no output PDF file produced!
